<?xml version="1.0" encoding="UTF-8"?>
<testsuite xmlns:xsi="http://www.w3.org/2001/XMLSchema-instance" xsi:noNamespaceSchemaLocation="https://maven.apache.org/surefire/maven-surefire-plugin/xsd/surefire-test-report.xsd" name="Test" time="0.004" tests="0" errors="0" skipped="0" failures="0">
  <properties>
    <property name="sun.desktop" value="windows"/>
    <property name="awt.toolkit" value="sun.awt.windows.WToolkit"/>
    <property name="file.encoding.pkg" value="sun.io"/>
    <property name="java.specification.version" value="1.8"/>
    <property name="sun.cpu.isalist" value="amd64"/>
    <property name="sun.jnu.encoding" value="GBK"/>
    <property name="java.class.path" value="C:\Users\Administrator\IdeaProjects\flink-chuangxin\flink\target\test-classes;C:\Users\Administrator\IdeaProjects\flink-chuangxin\flink\target\classes;D:\Maven\repository\org\apache\flink\flink-clients\1.17.0\flink-clients-1.17.0.jar;D:\Maven\repository\org\apache\flink\flink-core\1.17.0\flink-core-1.17.0.jar;D:\Maven\repository\org\apache\flink\flink-annotations\1.17.0\flink-annotations-1.17.0.jar;D:\Maven\repository\org\apache\flink\flink-metrics-core\1.17.0\flink-metrics-core-1.17.0.jar;D:\Maven\repository\org\apache\flink\flink-shaded-asm-9\9.3-16.1\flink-shaded-asm-9-9.3-16.1.jar;D:\Maven\repository\org\apache\flink\flink-shaded-jackson\2.13.4-16.1\flink-shaded-jackson-2.13.4-16.1.jar;D:\Maven\repository\org\apache\commons\commons-lang3\3.12.0\commons-lang3-3.12.0.jar;D:\Maven\repository\org\apache\commons\commons-text\1.10.0\commons-text-1.10.0.jar;D:\Maven\repository\com\esotericsoftware\kryo\kryo\2.24.0\kryo-2.24.0.jar;D:\Maven\repository\com\esotericsoftware\minlog\minlog\1.2\minlog-1.2.jar;D:\Maven\repository\org\objenesis\objenesis\2.1\objenesis-2.1.jar;D:\Maven\repository\commons-collections\commons-collections\3.2.2\commons-collections-3.2.2.jar;D:\Maven\repository\org\apache\commons\commons-compress\1.21\commons-compress-1.21.jar;D:\Maven\repository\org\apache\flink\flink-runtime\1.17.0\flink-runtime-1.17.0.jar;D:\Maven\repository\org\apache\flink\flink-rpc-core\1.17.0\flink-rpc-core-1.17.0.jar;D:\Maven\repository\org\apache\flink\flink-rpc-akka-loader\1.17.0\flink-rpc-akka-loader-1.17.0.jar;D:\Maven\repository\org\apache\flink\flink-queryable-state-client-java\1.17.0\flink-queryable-state-client-java-1.17.0.jar;D:\Maven\repository\org\apache\flink\flink-hadoop-fs\1.17.0\flink-hadoop-fs-1.17.0.jar;D:\Maven\repository\commons-io\commons-io\2.11.0\commons-io-2.11.0.jar;D:\Maven\repository\org\apache\flink\flink-shaded-netty\4.1.82.Final-16.1\flink-shaded-netty-4.1.82.Final-16.1.jar;D:\Maven\repository\org\apache\flink\flink-shaded-zookeeper-3\3.7.1-16.1\flink-shaded-zookeeper-3-3.7.1-16.1.jar;D:\Maven\repository\org\javassist\javassist\3.24.0-GA\javassist-3.24.0-GA.jar;D:\Maven\repository\org\xerial\snappy\snappy-java\1.1.8.3\snappy-java-1.1.8.3.jar;D:\Maven\repository\org\lz4\lz4-java\1.8.0\lz4-java-1.8.0.jar;D:\Maven\repository\org\apache\flink\flink-optimizer\1.17.0\flink-optimizer-1.17.0.jar;D:\Maven\repository\org\apache\flink\flink-java\1.17.0\flink-java-1.17.0.jar;D:\Maven\repository\com\twitter\chill-java\0.7.6\chill-java-0.7.6.jar;D:\Maven\repository\commons-cli\commons-cli\1.5.0\commons-cli-1.5.0.jar;D:\Maven\repository\com\google\code\findbugs\jsr305\1.3.9\jsr305-1.3.9.jar;D:\Maven\repository\org\apache\flink\flink-streaming-java\1.17.0\flink-streaming-java-1.17.0.jar;D:\Maven\repository\org\apache\flink\flink-file-sink-common\1.17.0\flink-file-sink-common-1.17.0.jar;D:\Maven\repository\org\apache\flink\flink-shaded-guava\30.1.1-jre-16.1\flink-shaded-guava-30.1.1-jre-16.1.jar;D:\Maven\repository\org\apache\commons\commons-math3\3.6.1\commons-math3-3.6.1.jar;D:\Maven\repository\org\apache\flink\flink-table-api-java\1.17.0\flink-table-api-java-1.17.0.jar;D:\Maven\repository\org\apache\flink\flink-table-common\1.17.0\flink-table-common-1.17.0.jar;D:\Maven\repository\com\ibm\icu\icu4j\67.1\icu4j-67.1.jar;D:\Maven\repository\org\apache\flink\flink-table-api-java-bridge\1.17.0\flink-table-api-java-bridge-1.17.0.jar;D:\Maven\repository\org\apache\flink\flink-table-api-bridge-base\1.17.0\flink-table-api-bridge-base-1.17.0.jar;D:\Maven\repository\mysql\mysql-connector-java\8.0.28\mysql-connector-java-8.0.28.jar;D:\Maven\repository\com\google\protobuf\protobuf-java\3.11.4\protobuf-java-3.11.4.jar;D:\Maven\repository\org\apache\flink\flink-connector-jdbc\3.1.0-1.17\flink-connector-jdbc-3.1.0-1.17.jar;D:\Maven\repository\org\apache\flink\flink-shaded-force-shading\16.1\flink-shaded-force-shading-16.1.jar;D:\Maven\repository\org\slf4j\slf4j-api\1.7.25\slf4j-api-1.7.25.jar;D:\Maven\repository\org\slf4j\slf4j-log4j12\1.7.25\slf4j-log4j12-1.7.25.jar;D:\Maven\repository\log4j\log4j\1.2.17\log4j-1.2.17.jar;D:\Maven\repository\org\apache\logging\log4j\log4j-to-slf4j\2.14.0\log4j-to-slf4j-2.14.0.jar;D:\Maven\repository\org\apache\logging\log4j\log4j-api\2.17.2\log4j-api-2.17.2.jar;D:\Maven\repository\org\projectlombok\lombok\1.18.12\lombok-1.18.12.jar;D:\Maven\repository\redis\clients\jedis\3.3.0\jedis-3.3.0.jar;D:\Maven\repository\org\apache\commons\commons-pool2\2.11.1\commons-pool2-2.11.1.jar;D:\Maven\repository\org\mongodb\mongo-java-driver\3.12.8\mongo-java-driver-3.12.8.jar;D:\Maven\repository\com\squareup\okhttp\okhttp\2.4.0\okhttp-2.4.0.jar;D:\Maven\repository\com\squareup\okio\okio\1.4.0\okio-1.4.0.jar;D:\Maven\repository\com\alibaba\fastjson\1.2.68\fastjson-1.2.68.jar;"/>
    <property name="java.vm.vendor" value="Oracle Corporation"/>
    <property name="sun.arch.data.model" value="64"/>
    <property name="user.variant" value=""/>
    <property name="java.vendor.url" value="http://java.oracle.com/"/>
    <property name="user.timezone" value="Asia/Shanghai"/>
    <property name="java.vm.specification.version" value="1.8"/>
    <property name="os.name" value="Windows 10"/>
    <property name="user.country" value="CN"/>
    <property name="sun.java.launcher" value="SUN_STANDARD"/>
    <property name="sun.boot.library.path" value="C:\Program Files\Java\jdk1.8.0_131\jre\bin"/>
    <property name="sun.java.command" value="C:\Users\Administrator\AppData\Local\Temp\surefire4764056066799497230\surefirebooter5870430369127389700.jar C:\Users\Administrator\AppData\Local\Temp\surefire4764056066799497230 2023-07-01T16-13-55_577-jvmRun1 surefire3315697030500535284tmp surefire_04147133244037592074tmp"/>
    <property name="surefire.test.class.path" value="C:\Users\Administrator\IdeaProjects\flink-chuangxin\flink\target\test-classes;C:\Users\Administrator\IdeaProjects\flink-chuangxin\flink\target\classes;D:\Maven\repository\org\apache\flink\flink-clients\1.17.0\flink-clients-1.17.0.jar;D:\Maven\repository\org\apache\flink\flink-core\1.17.0\flink-core-1.17.0.jar;D:\Maven\repository\org\apache\flink\flink-annotations\1.17.0\flink-annotations-1.17.0.jar;D:\Maven\repository\org\apache\flink\flink-metrics-core\1.17.0\flink-metrics-core-1.17.0.jar;D:\Maven\repository\org\apache\flink\flink-shaded-asm-9\9.3-16.1\flink-shaded-asm-9-9.3-16.1.jar;D:\Maven\repository\org\apache\flink\flink-shaded-jackson\2.13.4-16.1\flink-shaded-jackson-2.13.4-16.1.jar;D:\Maven\repository\org\apache\commons\commons-lang3\3.12.0\commons-lang3-3.12.0.jar;D:\Maven\repository\org\apache\commons\commons-text\1.10.0\commons-text-1.10.0.jar;D:\Maven\repository\com\esotericsoftware\kryo\kryo\2.24.0\kryo-2.24.0.jar;D:\Maven\repository\com\esotericsoftware\minlog\minlog\1.2\minlog-1.2.jar;D:\Maven\repository\org\objenesis\objenesis\2.1\objenesis-2.1.jar;D:\Maven\repository\commons-collections\commons-collections\3.2.2\commons-collections-3.2.2.jar;D:\Maven\repository\org\apache\commons\commons-compress\1.21\commons-compress-1.21.jar;D:\Maven\repository\org\apache\flink\flink-runtime\1.17.0\flink-runtime-1.17.0.jar;D:\Maven\repository\org\apache\flink\flink-rpc-core\1.17.0\flink-rpc-core-1.17.0.jar;D:\Maven\repository\org\apache\flink\flink-rpc-akka-loader\1.17.0\flink-rpc-akka-loader-1.17.0.jar;D:\Maven\repository\org\apache\flink\flink-queryable-state-client-java\1.17.0\flink-queryable-state-client-java-1.17.0.jar;D:\Maven\repository\org\apache\flink\flink-hadoop-fs\1.17.0\flink-hadoop-fs-1.17.0.jar;D:\Maven\repository\commons-io\commons-io\2.11.0\commons-io-2.11.0.jar;D:\Maven\repository\org\apache\flink\flink-shaded-netty\4.1.82.Final-16.1\flink-shaded-netty-4.1.82.Final-16.1.jar;D:\Maven\repository\org\apache\flink\flink-shaded-zookeeper-3\3.7.1-16.1\flink-shaded-zookeeper-3-3.7.1-16.1.jar;D:\Maven\repository\org\javassist\javassist\3.24.0-GA\javassist-3.24.0-GA.jar;D:\Maven\repository\org\xerial\snappy\snappy-java\1.1.8.3\snappy-java-1.1.8.3.jar;D:\Maven\repository\org\lz4\lz4-java\1.8.0\lz4-java-1.8.0.jar;D:\Maven\repository\org\apache\flink\flink-optimizer\1.17.0\flink-optimizer-1.17.0.jar;D:\Maven\repository\org\apache\flink\flink-java\1.17.0\flink-java-1.17.0.jar;D:\Maven\repository\com\twitter\chill-java\0.7.6\chill-java-0.7.6.jar;D:\Maven\repository\commons-cli\commons-cli\1.5.0\commons-cli-1.5.0.jar;D:\Maven\repository\com\google\code\findbugs\jsr305\1.3.9\jsr305-1.3.9.jar;D:\Maven\repository\org\apache\flink\flink-streaming-java\1.17.0\flink-streaming-java-1.17.0.jar;D:\Maven\repository\org\apache\flink\flink-file-sink-common\1.17.0\flink-file-sink-common-1.17.0.jar;D:\Maven\repository\org\apache\flink\flink-shaded-guava\30.1.1-jre-16.1\flink-shaded-guava-30.1.1-jre-16.1.jar;D:\Maven\repository\org\apache\commons\commons-math3\3.6.1\commons-math3-3.6.1.jar;D:\Maven\repository\org\apache\flink\flink-table-api-java\1.17.0\flink-table-api-java-1.17.0.jar;D:\Maven\repository\org\apache\flink\flink-table-common\1.17.0\flink-table-common-1.17.0.jar;D:\Maven\repository\com\ibm\icu\icu4j\67.1\icu4j-67.1.jar;D:\Maven\repository\org\apache\flink\flink-table-api-java-bridge\1.17.0\flink-table-api-java-bridge-1.17.0.jar;D:\Maven\repository\org\apache\flink\flink-table-api-bridge-base\1.17.0\flink-table-api-bridge-base-1.17.0.jar;D:\Maven\repository\mysql\mysql-connector-java\8.0.28\mysql-connector-java-8.0.28.jar;D:\Maven\repository\com\google\protobuf\protobuf-java\3.11.4\protobuf-java-3.11.4.jar;D:\Maven\repository\org\apache\flink\flink-connector-jdbc\3.1.0-1.17\flink-connector-jdbc-3.1.0-1.17.jar;D:\Maven\repository\org\apache\flink\flink-shaded-force-shading\16.1\flink-shaded-force-shading-16.1.jar;D:\Maven\repository\org\slf4j\slf4j-api\1.7.25\slf4j-api-1.7.25.jar;D:\Maven\repository\org\slf4j\slf4j-log4j12\1.7.25\slf4j-log4j12-1.7.25.jar;D:\Maven\repository\log4j\log4j\1.2.17\log4j-1.2.17.jar;D:\Maven\repository\org\apache\logging\log4j\log4j-to-slf4j\2.14.0\log4j-to-slf4j-2.14.0.jar;D:\Maven\repository\org\apache\logging\log4j\log4j-api\2.17.2\log4j-api-2.17.2.jar;D:\Maven\repository\org\projectlombok\lombok\1.18.12\lombok-1.18.12.jar;D:\Maven\repository\redis\clients\jedis\3.3.0\jedis-3.3.0.jar;D:\Maven\repository\org\apache\commons\commons-pool2\2.11.1\commons-pool2-2.11.1.jar;D:\Maven\repository\org\mongodb\mongo-java-driver\3.12.8\mongo-java-driver-3.12.8.jar;D:\Maven\repository\com\squareup\okhttp\okhttp\2.4.0\okhttp-2.4.0.jar;D:\Maven\repository\com\squareup\okio\okio\1.4.0\okio-1.4.0.jar;D:\Maven\repository\com\alibaba\fastjson\1.2.68\fastjson-1.2.68.jar;"/>
    <property name="sun.cpu.endian" value="little"/>
    <property name="user.home" value="C:\Users\Administrator"/>
    <property name="user.language" value="zh"/>
    <property name="java.specification.vendor" value="Oracle Corporation"/>
    <property name="java.home" value="C:\Program Files\Java\jdk1.8.0_131\jre"/>
    <property name="basedir" value="C:\Users\Administrator\IdeaProjects\flink-chuangxin\flink"/>
    <property name="file.separator" value="\"/>
    <property name="line.separator" value="&#10;"/>
    <property name="java.vm.specification.vendor" value="Oracle Corporation"/>
    <property name="java.specification.name" value="Java Platform API Specification"/>
    <property name="java.awt.graphicsenv" value="sun.awt.Win32GraphicsEnvironment"/>
    <property name="surefire.real.class.path" value="C:\Users\Administrator\AppData\Local\Temp\surefire4764056066799497230\surefirebooter5870430369127389700.jar"/>
    <property name="sun.boot.class.path" value="C:\Program Files\Java\jdk1.8.0_131\jre\lib\resources.jar;C:\Program Files\Java\jdk1.8.0_131\jre\lib\rt.jar;C:\Program Files\Java\jdk1.8.0_131\jre\lib\sunrsasign.jar;C:\Program Files\Java\jdk1.8.0_131\jre\lib\jsse.jar;C:\Program Files\Java\jdk1.8.0_131\jre\lib\jce.jar;C:\Program Files\Java\jdk1.8.0_131\jre\lib\charsets.jar;C:\Program Files\Java\jdk1.8.0_131\jre\lib\jfr.jar;C:\Program Files\Java\jdk1.8.0_131\jre\classes"/>
    <property name="user.script" value=""/>
    <property name="sun.management.compiler" value="HotSpot 64-Bit Tiered Compilers"/>
    <property name="java.runtime.version" value="1.8.0_131-b11"/>
    <property name="user.name" value="Administrator"/>
    <property name="path.separator" value=";"/>
    <property name="os.version" value="10.0"/>
    <property name="java.endorsed.dirs" value="C:\Program Files\Java\jdk1.8.0_131\jre\lib\endorsed"/>
    <property name="java.runtime.name" value="Java(TM) SE Runtime Environment"/>
    <property name="file.encoding" value="GBK"/>
    <property name="java.vm.name" value="Java HotSpot(TM) 64-Bit Server VM"/>
    <property name="localRepository" value="D:\Maven\repository"/>
    <property name="java.vendor.url.bug" value="http://bugreport.sun.com/bugreport/"/>
    <property name="java.io.tmpdir" value="C:\Users\Administrator\AppData\Local\Temp\"/>
    <property name="idea.version" value="2022.3.2"/>
    <property name="java.version" value="1.8.0_131"/>
    <property name="user.dir" value="C:\Users\Administrator\IdeaProjects\flink-chuangxin\flink"/>
    <property name="os.arch" value="amd64"/>
    <property name="java.vm.specification.name" value="Java Virtual Machine Specification"/>
    <property name="java.awt.printerjob" value="sun.awt.windows.WPrinterJob"/>
    <property name="sun.os.patch.level" value=""/>
    <property name="java.library.path" value="C:\Program Files\Java\jdk1.8.0_131\jre\bin;C:\Windows\Sun\Java\bin;C:\Windows\system32;C:\Windows;C:\Program Files\NVIDIA GPU Computing Toolkit\CUDA\v10.2\bin;C:\Program Files\NVIDIA GPU Computing Toolkit\CUDA\v10.2\libnvvp;C:\ProgramData\Oracle\Java\javapath;C:\Windows\system32;C:\Windows;C:\Windows\System32\Wbem;C:\Windows\System32\WindowsPowerShell\v1.0\;C:\Windows\System32\OpenSSH\;C:\Program Files (x86)\NVIDIA Corporation\PhysX\Common;C:\Program Files\NVIDIA Corporation\NVIDIA NvDLISR;C:\Program Files\NVIDIA Corporation\Nsight Compute 2019.5.0\;C:\Program Files\NVIDIA GPU Computing Toolkit\CUDA\v10.2\lib\x64;C:\Program Files\NVIDIA GPU Computing Toolkit\CUDA\v10.2\extras\CUPTI\lib64;C:\Program Files\dotnet\;D:\gradle4.2.2\gradle-4.2\bin;C:\Program Files (x86)\Tencent\微信web开发者工具\dll;C:\Pro;ram Files (x86)\HP\Common\HPDestPlgIn\;C:\Program Files\Git\cmd;D:\ffmpeg-master-latest-win64-gpl-shared\bin;D:\Users\Administrator\AppData\Roaming\nvm;D:\Program Files\nodejs;D:\Program Files (x86)\NetSarang\Xshell 7\;D:\BaiduNetdiskDownload\大数据\apache-maven-3.6.0\bin;D:\Users\Administrator\AppData\Roaming\nvm\v14.16.1;C:\Users\Administrator\AppData\Local\Programs\Python\Python310\Scripts\;C:\Users\Administrator\AppData\Local\Programs\Python\Python310\;C:\Users\Administrator\AppData\Local\Microsoft\WindowsApps;C:\Users\Administrator\AppData\Local\Programs\APICloud Studio 3\bin;C:\Program Files (x86)\HP\Common\HPDestPlgIn\;D:\Users\Administrator\AppData\Local\Programs\Microsoft VS Code\bin;C:\Users\Administrator\AppData\Roaming\npm;D:\Users\Administrator\AppData\Roaming\nvm;D:\Program Files\nodejs;."/>
    <property name="java.vm.info" value="mixed mode"/>
    <property name="java.vendor" value="Oracle Corporation"/>
    <property name="java.vm.version" value="25.131-b11"/>
    <property name="java.ext.dirs" value="C:\Program Files\Java\jdk1.8.0_131\jre\lib\ext;C:\Windows\Sun\Java\lib\ext"/>
    <property name="sun.io.unicode.encoding" value="UnicodeLittle"/>
    <property name="java.class.version" value="52.0"/>
  </properties>
</testsuite>